# JRE version: OpenJDK Runtime Environment (11.0.10) (build 11.0.10+0-b96-7249189)
# Java VM: OpenJDK 64-Bit Server VM (11.0.10+0-b96-7249189, mixed mode, tiered, compressed oops, g1 gc, linux-amd64)
Heap:
 garbage-first heap   total 1041408K, used 160435K [0x0000000080000000, 0x0000000100000000)
  region size 1024K, 4 young (4096K), 4 survivors (4096K)
 Metaspace       used 130713K, capacity 134181K, committed 134400K, reserved 1167360K
  class space    used 15907K, capacity 17118K, committed 17152K, reserved 1048576K
GC Heap History (20 events):
Event: 7686.279 GC heap after
{Heap after GC invocations=129 (full 0):
 garbage-first heap   total 382976K, used 134776K [0x0000000080000000, 0x0000000100000000)
  region size 1024K, 2 young (2048K), 2 survivors (2048K)
 Metaspace       used 128481K, capacity 131856K, committed 132096K, reserved 1165312K
  class space    used 15671K, capacity 16846K, committed 16896K, reserved 1048576K
}
Event: 7687.657 GC heap before
{Heap before GC invocations=129 (full 0):
 garbage-first heap   total 382976K, used 151160K [0x0000000080000000, 0x0000000100000000)
  region size 1024K, 18 young (18432K), 2 survivors (2048K)
 Metaspace       used 128492K, capacity 131862K, committed 132096K, reserved 1165312K
  class space    used 15671K, capacity 16847K, committed 16896K, reserved 1048576K
}
Event: 7687.672 GC heap after
{Heap after GC invocations=130 (full 0):
 garbage-first heap   total 382976K, used 135979K [0x0000000080000000, 0x0000000100000000)
  region size 1024K, 3 young (3072K), 3 survivors (3072K)
 Metaspace       used 128492K, capacity 131862K, committed 132096K, reserved 1165312K
  class space    used 15671K, capacity 16847K, committed 16896K, reserved 1048576K
}
Event: 7689.049 GC heap before
{Heap before GC invocations=131 (full 0):
 garbage-first heap   total 382976K, used 150315K [0x0000000080000000, 0x0000000100000000)
  region size 1024K, 18 young (18432K), 3 survivors (3072K)
 Metaspace       used 128998K, capacity 132445K, committed 132736K, reserved 1165312K
  class space    used 15745K, capacity 16946K, committed 17024K, reserved 1048576K
}
Event: 7689.089 GC heap after
{Heap after GC invocations=132 (full 0):
 garbage-first heap   total 382976K, used 136508K [0x0000000080000000, 0x0000000100000000)
  region size 1024K, 2 young (2048K), 2 survivors (2048K)
 Metaspace       used 128998K, capacity 132445K, committed 132736K, reserved 1165312K
  class space    used 15745K, capacity 16946K, committed 17024K, reserved 1048576K
}
Event: 7689.804 GC heap before
{Heap before GC invocations=132 (full 0):
 garbage-first heap   total 382976K, used 151868K [0x0000000080000000, 0x0000000100000000)
  region size 1024K, 18 young (18432K), 2 survivors (2048K)
 Metaspace       used 129179K, capacity 132639K, committed 132736K, reserved 1165312K
  class space    used 15771K, capacity 16988K, committed 17024K, reserved 1048576K
}
Event: 7689.831 GC heap after
{Heap after GC invocations=133 (full 0):
 garbage-first heap   total 382976K, used 137128K [0x0000000080000000, 0x0000000100000000)
  region size 1024K, 2 young (2048K), 2 survivors (2048K)
 Metaspace       used 129179K, capacity 132639K, committed 132736K, reserved 1165312K
  class space    used 15771K, capacity 16988K, committed 17024K, reserved 1048576K
}
Event: 7690.140 GC heap before
{Heap before GC invocations=133 (full 0):
 garbage-first heap   total 382976K, used 152488K [0x0000000080000000, 0x0000000100000000)
  region size 1024K, 18 young (18432K), 2 survivors (2048K)
 Metaspace       used 129202K, capacity 132650K, committed 132736K, reserved 1165312K
  class space    used 15773K, capacity 16991K, committed 17024K, reserved 1048576K
}
Event: 7690.159 GC heap after
{Heap after GC invocations=134 (full 0):
 garbage-first heap   total 382976K, used 137724K [0x0000000080000000, 0x0000000100000000)
  region size 1024K, 2 young (2048K), 2 survivors (2048K)
 Metaspace       used 129202K, capacity 132650K, committed 132736K, reserved 1165312K
  class space    used 15773K, capacity 16991K, committed 17024K, reserved 1048576K
}
Event: 7692.749 GC heap before
{Heap before GC invocations=135 (full 0):
 garbage-first heap   total 382976K, used 164348K [0x0000000080000000, 0x0000000100000000)
  region size 1024K, 28 young (28672K), 2 survivors (2048K)
 Metaspace       used 130222K, capacity 133648K, committed 133888K, reserved 1165312K
  class space    used 15878K, capacity 17066K, committed 17152K, reserved 1048576K
}
Event: 7692.775 GC heap after
{Heap after GC invocations=136 (full 0):
 garbage-first heap   total 382976K, used 139378K [0x0000000080000000, 0x0000000100000000)
  region size 1024K, 4 young (4096K), 4 survivors (4096K)
 Metaspace       used 130222K, capacity 133648K, committed 133888K, reserved 1165312K
  class space    used 15878K, capacity 17066K, committed 17152K, reserved 1048576K
}
Event: 7694.813 GC heap before
{Heap before GC invocations=136 (full 0):
 garbage-first heap   total 382976K, used 153714K [0x0000000080000000, 0x0000000100000000)
  region size 1024K, 18 young (18432K), 4 survivors (4096K)
 Metaspace       used 130322K, capacity 133776K, committed 134144K, reserved 1167360K
  class space    used 15878K, capacity 17066K, committed 17152K, reserved 1048576K
}
Event: 7695.139 GC heap after
{Heap after GC invocations=137 (full 0):
 garbage-first heap   total 382976K, used 141990K [0x0000000080000000, 0x0000000100000000)
  region size 1024K, 3 young (3072K), 3 survivors (3072K)
 Metaspace       used 130322K, capacity 133776K, committed 134144K, reserved 1167360K
  class space    used 15878K, capacity 17066K, committed 17152K, reserved 1048576K
}
Event: 7697.146 GC heap before
{Heap before GC invocations=138 (full 0):
 garbage-first heap   total 382976K, used 156326K [0x0000000080000000, 0x0000000100000000)
  region size 1024K, 18 young (18432K), 3 survivors (3072K)
 Metaspace       used 130346K, capacity 133776K, committed 134144K, reserved 1167360K
  class space    used 15878K, capacity 17066K, committed 17152K, reserved 1048576K
}
Event: 7697.629 GC heap after
{Heap after GC invocations=139 (full 0):
 garbage-first heap   total 382976K, used 147114K [0x0000000080000000, 0x0000000100000000)
  region size 1024K, 3 young (3072K), 3 survivors (3072K)
 Metaspace       used 130346K, capacity 133776K, committed 134144K, reserved 1167360K
  class space    used 15878K, capacity 17066K, committed 17152K, reserved 1048576K
}
Event: 7699.652 GC heap before
{Heap before GC invocations=139 (full 0):
 garbage-first heap   total 382976K, used 161450K [0x0000000080000000, 0x0000000100000000)
  region size 1024K, 18 young (18432K), 3 survivors (3072K)
 Metaspace       used 130418K, capacity 133840K, committed 134144K, reserved 1167360K
  class space    used 15878K, capacity 17066K, committed 17152K, reserved 1048576K
}
Event: 7700.445 GC heap after
{Heap after GC invocations=140 (full 0):
 garbage-first heap   total 382976K, used 151357K [0x0000000080000000, 0x0000000100000000)
  region size 1024K, 3 young (3072K), 3 survivors (3072K)
 Metaspace       used 130418K, capacity 133840K, committed 134144K, reserved 1167360K
  class space    used 15878K, capacity 17066K, committed 17152K, reserved 1048576K
}
Event: 7700.919 GC heap before
{Heap before GC invocations=140 (full 0):
 garbage-first heap   total 382976K, used 154429K [0x0000000080000000, 0x0000000100000000)
  region size 1024K, 7 young (7168K), 3 survivors (3072K)
 Metaspace       used 130418K, capacity 133840K, committed 134144K, reserved 1167360K
  class space    used 15878K, capacity 17066K, committed 17152K, reserved 1048576K
}
Event: 7701.654 GC heap after
{Heap after GC invocations=141 (full 0):
 garbage-first heap   total 382976K, used 153164K [0x0000000080000000, 0x0000000100000000)
  region size 1024K, 2 young (2048K), 2 survivors (2048K)
 Metaspace       used 130418K, capacity 133840K, committed 134144K, reserved 1167360K
  class space    used 15878K, capacity 17066K, committed 17152K, reserved 1048576K
}
Event: 7703.284 GC heap before
{Heap before GC invocations=142 (full 0):
 garbage-first heap   total 382976K, used 186956K [0x0000000080000000, 0x0000000100000000)
  region size 1024K, 32 young (32768K), 2 survivors (2048K)
 Metaspace       used 130713K, capacity 134181K, committed 134400K, reserved 1167360K
  class space    used 15907K, capacity 17118K, committed 17152K, reserved 1048576K
}

