# JRE version: OpenJDK Runtime Environment (11.0.10) (build 11.0.10+0-b96-7249189)
# Java VM: OpenJDK 64-Bit Server VM (11.0.10+0-b96-7249189, mixed mode, tiered, compressed oops, g1 gc, linux-amd64)
Heap:
 garbage-first heap   total 881664K, used 189663K [0x0000000080000000, 0x0000000100000000)
  region size 1024K, 2 young (2048K), 2 survivors (2048K)
 Metaspace       used 120757K, capacity 123765K, committed 124032K, reserved 1157120K
  class space    used 14848K, capacity 15958K, committed 16000K, reserved 1048576K
GC Heap History (20 events):
Event: 147.779 GC heap after
{Heap after GC invocations=88 (full 0):
 garbage-first heap   total 577536K, used 173978K [0x0000000080000000, 0x0000000100000000)
  region size 1024K, 4 young (4096K), 4 survivors (4096K)
 Metaspace       used 120745K, capacity 123765K, committed 124032K, reserved 1157120K
  class space    used 14848K, capacity 15958K, committed 16000K, reserved 1048576K
}
Event: 149.083 GC heap before
{Heap before GC invocations=88 (full 0):
 garbage-first heap   total 577536K, used 480154K [0x0000000080000000, 0x0000000100000000)
  region size 1024K, 303 young (310272K), 4 survivors (4096K)
 Metaspace       used 120750K, capacity 123765K, committed 124032K, reserved 1157120K
  class space    used 14848K, capacity 15958K, committed 16000K, reserved 1048576K
}
Event: 149.116 GC heap after
{Heap after GC invocations=89 (full 0):
 garbage-first heap   total 577536K, used 178074K [0x0000000080000000, 0x0000000100000000)
  region size 1024K, 8 young (8192K), 8 survivors (8192K)
 Metaspace       used 120750K, capacity 123765K, committed 124032K, reserved 1157120K
  class space    used 14848K, capacity 15958K, committed 16000K, reserved 1048576K
}
Event: 150.183 GC heap before
{Heap before GC invocations=89 (full 0):
 garbage-first heap   total 577536K, used 485274K [0x0000000080000000, 0x0000000100000000)
  region size 1024K, 308 young (315392K), 8 survivors (8192K)
 Metaspace       used 120754K, capacity 123765K, committed 124032K, reserved 1157120K
  class space    used 14848K, capacity 15958K, committed 16000K, reserved 1048576K
}
Event: 150.231 GC heap after
{Heap after GC invocations=90 (full 0):
 garbage-first heap   total 577536K, used 183706K [0x0000000080000000, 0x0000000100000000)
  region size 1024K, 13 young (13312K), 13 survivors (13312K)
 Metaspace       used 120754K, capacity 123765K, committed 124032K, reserved 1157120K
  class space    used 14848K, capacity 15958K, committed 16000K, reserved 1048576K
}
Event: 151.619 GC heap before
{Heap before GC invocations=90 (full 0):
 garbage-first heap   total 577536K, used 488858K [0x0000000080000000, 0x0000000100000000)
  region size 1024K, 311 young (318464K), 13 survivors (13312K)
 Metaspace       used 120756K, capacity 123765K, committed 124032K, reserved 1157120K
  class space    used 14848K, capacity 15958K, committed 16000K, reserved 1048576K
}
Event: 151.809 GC heap after
{Heap after GC invocations=91 (full 0):
 garbage-first heap   total 577536K, used 185242K [0x0000000080000000, 0x0000000100000000)
  region size 1024K, 15 young (15360K), 15 survivors (15360K)
 Metaspace       used 120756K, capacity 123765K, committed 124032K, reserved 1157120K
  class space    used 14848K, capacity 15958K, committed 16000K, reserved 1048576K
}
Event: 156.694 GC heap before
{Heap before GC invocations=91 (full 0):
 garbage-first heap   total 577536K, used 492442K [0x0000000080000000, 0x0000000100000000)
  region size 1024K, 315 young (322560K), 15 survivors (15360K)
 Metaspace       used 120756K, capacity 123765K, committed 124032K, reserved 1157120K
  class space    used 14848K, capacity 15958K, committed 16000K, reserved 1048576K
}
Event: 164.415 GC heap after
{Heap after GC invocations=92 (full 0):
 garbage-first heap   total 577536K, used 189338K [0x0000000080000000, 0x0000000100000000)
  region size 1024K, 19 young (19456K), 19 survivors (19456K)
 Metaspace       used 120756K, capacity 123765K, committed 124032K, reserved 1157120K
  class space    used 14848K, capacity 15958K, committed 16000K, reserved 1048576K
}
Event: 173.053 GC heap before
{Heap before GC invocations=92 (full 0):
 garbage-first heap   total 577536K, used 197530K [0x0000000080000000, 0x0000000100000000)
  region size 1024K, 28 young (28672K), 19 survivors (19456K)
 Metaspace       used 120756K, capacity 123765K, committed 124032K, reserved 1157120K
  class space    used 14848K, capacity 15958K, committed 16000K, reserved 1048576K
}
Event: 174.863 GC heap after
{Heap after GC invocations=93 (full 0):
 garbage-first heap   total 577536K, used 189520K [0x0000000080000000, 0x0000000100000000)
  region size 1024K, 1 young (1024K), 1 survivors (1024K)
 Metaspace       used 120756K, capacity 123765K, committed 124032K, reserved 1157120K
  class space    used 14848K, capacity 15958K, committed 16000K, reserved 1048576K
}
Event: 175.346 GC heap before
{Heap before GC invocations=93 (full 0):
 garbage-first heap   total 577536K, used 217168K [0x0000000080000000, 0x0000000100000000)
  region size 1024K, 28 young (28672K), 1 survivors (1024K)
 Metaspace       used 120756K, capacity 123765K, committed 124032K, reserved 1157120K
  class space    used 14848K, capacity 15958K, committed 16000K, reserved 1048576K
}
Event: 175.352 GC heap after
{Heap after GC invocations=94 (full 0):
 garbage-first heap   total 577536K, used 189360K [0x0000000080000000, 0x0000000100000000)
  region size 1024K, 1 young (1024K), 1 survivors (1024K)
 Metaspace       used 120756K, capacity 123765K, committed 124032K, reserved 1157120K
  class space    used 14848K, capacity 15958K, committed 16000K, reserved 1048576K
}
Event: 175.624 GC heap before
{Heap before GC invocations=94 (full 0):
 garbage-first heap   total 577536K, used 217008K [0x0000000080000000, 0x0000000100000000)
  region size 1024K, 28 young (28672K), 1 survivors (1024K)
 Metaspace       used 120756K, capacity 123765K, committed 124032K, reserved 1157120K
  class space    used 14848K, capacity 15958K, committed 16000K, reserved 1048576K
}
Event: 175.632 GC heap after
{Heap after GC invocations=95 (full 0):
 garbage-first heap   total 577536K, used 189017K [0x0000000080000000, 0x0000000100000000)
  region size 1024K, 1 young (1024K), 1 survivors (1024K)
 Metaspace       used 120756K, capacity 123765K, committed 124032K, reserved 1157120K
  class space    used 14848K, capacity 15958K, committed 16000K, reserved 1048576K
}
Event: 175.751 GC heap before
{Heap before GC invocations=95 (full 0):
 garbage-first heap   total 577536K, used 216665K [0x0000000080000000, 0x0000000100000000)
  region size 1024K, 28 young (28672K), 1 survivors (1024K)
 Metaspace       used 120756K, capacity 123765K, committed 124032K, reserved 1157120K
  class space    used 14848K, capacity 15958K, committed 16000K, reserved 1048576K
}
Event: 175.759 GC heap after
{Heap after GC invocations=96 (full 0):
 garbage-first heap   total 577536K, used 189202K [0x0000000080000000, 0x0000000100000000)
  region size 1024K, 1 young (1024K), 1 survivors (1024K)
 Metaspace       used 120756K, capacity 123765K, committed 124032K, reserved 1157120K
  class space    used 14848K, capacity 15958K, committed 16000K, reserved 1048576K
}
Event: 175.877 GC heap before
{Heap before GC invocations=96 (full 0):
 garbage-first heap   total 577536K, used 216850K [0x0000000080000000, 0x0000000100000000)
  region size 1024K, 28 young (28672K), 1 survivors (1024K)
 Metaspace       used 120756K, capacity 123765K, committed 124032K, reserved 1157120K
  class space    used 14848K, capacity 15958K, committed 16000K, reserved 1048576K
}
Event: 175.886 GC heap after
{Heap after GC invocations=97 (full 0):
 garbage-first heap   total 577536K, used 189321K [0x0000000080000000, 0x0000000100000000)
  region size 1024K, 1 young (1024K), 1 survivors (1024K)
 Metaspace       used 120756K, capacity 123765K, committed 124032K, reserved 1157120K
  class space    used 14848K, capacity 15958K, committed 16000K, reserved 1048576K
}
Event: 176.310 GC heap before
{Heap before GC invocations=97 (full 0):
 garbage-first heap   total 577536K, used 216969K [0x0000000080000000, 0x0000000100000000)
  region size 1024K, 28 young (28672K), 1 survivors (1024K)
 Metaspace       used 120757K, capacity 123765K, committed 124032K, reserved 1157120K
  class space    used 14848K, capacity 15958K, committed 16000K, reserved 1048576K
}

