# JRE version: OpenJDK Runtime Environment (11.0.10) (build 11.0.10+0-b96-7249189)
# Java VM: OpenJDK 64-Bit Server VM (11.0.10+0-b96-7249189, mixed mode, tiered, compressed oops, g1 gc, linux-amd64)
Heap:
 garbage-first heap   total 1113088K, used 151535K [0x0000000080000000, 0x0000000100000000)
  region size 1024K, 2 young (2048K), 2 survivors (2048K)
 Metaspace       used 117161K, capacity 120214K, committed 120448K, reserved 1153024K
  class space    used 15041K, capacity 16175K, committed 16256K, reserved 1048576K
GC Heap History (20 events):
Event: 503.121 GC heap after
{Heap after GC invocations=93 (full 0):
 garbage-first heap   total 455680K, used 150340K [0x0000000080000000, 0x0000000100000000)
  region size 1024K, 2 young (2048K), 2 survivors (2048K)
 Metaspace       used 117151K, capacity 120213K, committed 120448K, reserved 1153024K
  class space    used 15041K, capacity 16175K, committed 16256K, reserved 1048576K
}
Event: 504.733 GC heap before
{Heap before GC invocations=93 (full 0):
 garbage-first heap   total 455680K, used 219972K [0x0000000080000000, 0x0000000100000000)
  region size 1024K, 70 young (71680K), 2 survivors (2048K)
 Metaspace       used 117151K, capacity 120213K, committed 120448K, reserved 1153024K
  class space    used 15041K, capacity 16175K, committed 16256K, reserved 1048576K
}
Event: 506.919 GC heap after
{Heap after GC invocations=94 (full 0):
 garbage-first heap   total 455680K, used 150665K [0x0000000080000000, 0x0000000100000000)
  region size 1024K, 2 young (2048K), 2 survivors (2048K)
 Metaspace       used 117151K, capacity 120213K, committed 120448K, reserved 1153024K
  class space    used 15041K, capacity 16175K, committed 16256K, reserved 1048576K
}
Event: 507.867 GC heap before
{Heap before GC invocations=94 (full 0):
 garbage-first heap   total 455680K, used 171145K [0x0000000080000000, 0x0000000100000000)
  region size 1024K, 22 young (22528K), 2 survivors (2048K)
 Metaspace       used 117151K, capacity 120213K, committed 120448K, reserved 1153024K
  class space    used 15041K, capacity 16175K, committed 16256K, reserved 1048576K
}
Event: 507.873 GC heap after
{Heap after GC invocations=95 (full 0):
 garbage-first heap   total 455680K, used 150624K [0x0000000080000000, 0x0000000100000000)
  region size 1024K, 2 young (2048K), 2 survivors (2048K)
 Metaspace       used 117151K, capacity 120213K, committed 120448K, reserved 1153024K
  class space    used 15041K, capacity 16175K, committed 16256K, reserved 1048576K
}
Event: 508.287 GC heap before
{Heap before GC invocations=95 (full 0):
 garbage-first heap   total 455680K, used 170080K [0x0000000080000000, 0x0000000100000000)
  region size 1024K, 22 young (22528K), 2 survivors (2048K)
 Metaspace       used 117153K, capacity 120213K, committed 120448K, reserved 1153024K
  class space    used 15041K, capacity 16175K, committed 16256K, reserved 1048576K
}
Event: 508.297 GC heap after
{Heap after GC invocations=96 (full 0):
 garbage-first heap   total 455680K, used 150874K [0x0000000080000000, 0x0000000100000000)
  region size 1024K, 2 young (2048K), 2 survivors (2048K)
 Metaspace       used 117153K, capacity 120213K, committed 120448K, reserved 1153024K
  class space    used 15041K, capacity 16175K, committed 16256K, reserved 1048576K
}
Event: 530.971 GC heap before
{Heap before GC invocations=96 (full 0):
 garbage-first heap   total 455680K, used 171354K [0x0000000080000000, 0x0000000100000000)
  region size 1024K, 22 young (22528K), 2 survivors (2048K)
 Metaspace       used 117159K, capacity 120214K, committed 120448K, reserved 1153024K
  class space    used 15041K, capacity 16175K, committed 16256K, reserved 1048576K
}
Event: 539.503 GC heap after
{Heap after GC invocations=97 (full 0):
 garbage-first heap   total 455680K, used 150830K [0x0000000080000000, 0x0000000100000000)
  region size 1024K, 2 young (2048K), 2 survivors (2048K)
 Metaspace       used 117159K, capacity 120214K, committed 120448K, reserved 1153024K
  class space    used 15041K, capacity 16175K, committed 16256K, reserved 1048576K
}
Event: 543.728 GC heap before
{Heap before GC invocations=97 (full 0):
 garbage-first heap   total 455680K, used 171310K [0x0000000080000000, 0x0000000100000000)
  region size 1024K, 22 young (22528K), 2 survivors (2048K)
 Metaspace       used 117159K, capacity 120214K, committed 120448K, reserved 1153024K
  class space    used 15041K, capacity 16175K, committed 16256K, reserved 1048576K
}
Event: 543.799 GC heap after
{Heap after GC invocations=98 (full 0):
 garbage-first heap   total 455680K, used 151263K [0x0000000080000000, 0x0000000100000000)
  region size 1024K, 2 young (2048K), 2 survivors (2048K)
 Metaspace       used 117159K, capacity 120214K, committed 120448K, reserved 1153024K
  class space    used 15041K, capacity 16175K, committed 16256K, reserved 1048576K
}
Event: 547.247 GC heap before
{Heap before GC invocations=98 (full 0):
 garbage-first heap   total 455680K, used 171743K [0x0000000080000000, 0x0000000100000000)
  region size 1024K, 22 young (22528K), 2 survivors (2048K)
 Metaspace       used 117160K, capacity 120214K, committed 120448K, reserved 1153024K
  class space    used 15041K, capacity 16175K, committed 16256K, reserved 1048576K
}
Event: 547.762 GC heap after
{Heap after GC invocations=99 (full 0):
 garbage-first heap   total 455680K, used 151358K [0x0000000080000000, 0x0000000100000000)
  region size 1024K, 2 young (2048K), 2 survivors (2048K)
 Metaspace       used 117160K, capacity 120214K, committed 120448K, reserved 1153024K
  class space    used 15041K, capacity 16175K, committed 16256K, reserved 1048576K
}
Event: 548.584 GC heap before
{Heap before GC invocations=99 (full 0):
 garbage-first heap   total 455680K, used 171838K [0x0000000080000000, 0x0000000100000000)
  region size 1024K, 22 young (22528K), 2 survivors (2048K)
 Metaspace       used 117161K, capacity 120214K, committed 120448K, reserved 1153024K
  class space    used 15041K, capacity 16175K, committed 16256K, reserved 1048576K
}
Event: 548.589 GC heap after
{Heap after GC invocations=100 (full 0):
 garbage-first heap   total 455680K, used 151249K [0x0000000080000000, 0x0000000100000000)
  region size 1024K, 2 young (2048K), 2 survivors (2048K)
 Metaspace       used 117161K, capacity 120214K, committed 120448K, reserved 1153024K
  class space    used 15041K, capacity 16175K, committed 16256K, reserved 1048576K
}
Event: 550.057 GC heap before
{Heap before GC invocations=100 (full 0):
 garbage-first heap   total 455680K, used 171729K [0x0000000080000000, 0x0000000100000000)
  region size 1024K, 22 young (22528K), 2 survivors (2048K)
 Metaspace       used 117161K, capacity 120214K, committed 120448K, reserved 1153024K
  class space    used 15041K, capacity 16175K, committed 16256K, reserved 1048576K
}
Event: 551.364 GC heap after
{Heap after GC invocations=101 (full 0):
 garbage-first heap   total 455680K, used 151208K [0x0000000080000000, 0x0000000100000000)
  region size 1024K, 2 young (2048K), 2 survivors (2048K)
 Metaspace       used 117161K, capacity 120214K, committed 120448K, reserved 1153024K
  class space    used 15041K, capacity 16175K, committed 16256K, reserved 1048576K
}
Event: 551.416 GC heap before
{Heap before GC invocations=101 (full 0):
 garbage-first heap   total 455680K, used 171688K [0x0000000080000000, 0x0000000100000000)
  region size 1024K, 22 young (22528K), 2 survivors (2048K)
 Metaspace       used 117161K, capacity 120214K, committed 120448K, reserved 1153024K
  class space    used 15041K, capacity 16175K, committed 16256K, reserved 1048576K
}
Event: 551.995 GC heap after
{Heap after GC invocations=102 (full 0):
 garbage-first heap   total 455680K, used 151354K [0x0000000080000000, 0x0000000100000000)
  region size 1024K, 2 young (2048K), 2 survivors (2048K)
 Metaspace       used 117161K, capacity 120214K, committed 120448K, reserved 1153024K
  class space    used 15041K, capacity 16175K, committed 16256K, reserved 1048576K
}
Event: 552.047 GC heap before
{Heap before GC invocations=102 (full 0):
 garbage-first heap   total 455680K, used 170810K [0x0000000080000000, 0x0000000100000000)
  region size 1024K, 22 young (22528K), 2 survivors (2048K)
 Metaspace       used 117161K, capacity 120214K, committed 120448K, reserved 1153024K
  class space    used 15041K, capacity 16175K, committed 16256K, reserved 1048576K
}

